<?xml version="1.0" encoding="UTF-8"?>
<!-- Generated by org.testng.reporters.JUnitXMLReporter -->
<testsuite hostname="Shadli-PC" ignored="0" name="Free CRM App Test Cases" tests="5" failures="0" timestamp="06 Sep 2019 01:39:59 GMT" time="49.921" errors="0">
  <testcase name="elementPresentTest" time="0.192" classname="com.qa.testcases.HomePageTest"/>
  <testcase name="emptyQueryCheck" time="0.315" classname="com.qa.testcases.HomePageTest"/>
  <testcase name="searchPositiveResultCount" time="0.59" classname="com.qa.testcases.HomePageTest"/>
  <testcase name="searchNoResultCount" time="20.266" classname="com.qa.testcases.HomePageTest"/>
  <testcase name="matchSearchResultQuery" time="0.749" classname="com.qa.testcases.HomePageTest"/>
</testsuite> <!-- Free CRM App Test Cases -->
